
*** Running vivado
    with args -log c_addsub_0.vds -m64 -product Vivado -mode batch -messageDb vivado.pb -notrace -source c_addsub_0.tcl


****** Vivado v2016.3 (64-bit)
  **** SW Build 1682563 on Mon Oct 10 19:07:27 MDT 2016
  **** IP Build 1681267 on Mon Oct 10 21:28:31 MDT 2016
    ** Copyright 1986-2016 Xilinx, Inc. All Rights Reserved.

source c_addsub_0.tcl -notrace
Starting RTL Elaboration : Time (s): cpu = 00:00:07 ; elapsed = 00:00:10 . Memory (MB): peak = 291.352 ; gain = 81.734
INFO: [Synth 8-638] synthesizing module 'c_addsub_0' [c:/Users/Daniel/Lab4/Lab4.srcs/sources_1/ip/c_addsub_0/synth/c_addsub_0.vhd:69]
INFO: [Synth 8-256] done synthesizing module 'c_addsub_0' (8#1) [c:/Users/Daniel/Lab4/Lab4.srcs/sources_1/ip/c_addsub_0/synth/c_addsub_0.vhd:69]
Finished RTL Elaboration : Time (s): cpu = 00:00:09 ; elapsed = 00:00:13 . Memory (MB): peak = 333.453 ; gain = 123.836
Finished RTL Optimization Phase 1 : Time (s): cpu = 00:00:09 ; elapsed = 00:00:13 . Memory (MB): peak = 333.453 ; gain = 123.836
INFO: [Device 21-403] Loading part xc7z020clg484-1
Constraint Validation Runtime : Time (s): cpu = 00:00:00 ; elapsed = 00:00:00.996 . Memory (MB): peak = 566.504 ; gain = 0.000
Finished Constraint Validation : Time (s): cpu = 00:00:20 ; elapsed = 00:00:36 . Memory (MB): peak = 566.504 ; gain = 356.887
Finished Loading Part and Timing Information : Time (s): cpu = 00:00:20 ; elapsed = 00:00:36 . Memory (MB): peak = 566.504 ; gain = 356.887
Finished applying 'set_property' XDC Constraints : Time (s): cpu = 00:00:20 ; elapsed = 00:00:36 . Memory (MB): peak = 566.504 ; gain = 356.887
Finished RTL Optimization Phase 2 : Time (s): cpu = 00:00:21 ; elapsed = 00:00:36 . Memory (MB): peak = 566.504 ; gain = 356.887
Finished Cross Boundary and Area Optimization : Time (s): cpu = 00:00:21 ; elapsed = 00:00:37 . Memory (MB): peak = 566.504 ; gain = 356.887
Finished Applying XDC Timing Constraints : Time (s): cpu = 00:00:37 ; elapsed = 00:00:56 . Memory (MB): peak = 630.582 ; gain = 420.965
Finished Timing Optimization : Time (s): cpu = 00:00:37 ; elapsed = 00:00:56 . Memory (MB): peak = 630.582 ; gain = 420.965
Finished Technology Mapping : Time (s): cpu = 00:00:37 ; elapsed = 00:00:56 . Memory (MB): peak = 649.930 ; gain = 440.313
Finished IO Insertion : Time (s): cpu = 00:00:37 ; elapsed = 00:00:56 . Memory (MB): peak = 649.930 ; gain = 440.313
Finished Renaming Generated Instances : Time (s): cpu = 00:00:37 ; elapsed = 00:00:56 . Memory (MB): peak = 649.930 ; gain = 440.313
Finished Rebuilding User Hierarchy : Time (s): cpu = 00:00:37 ; elapsed = 00:00:57 . Memory (MB): peak = 649.930 ; gain = 440.313
Finished Renaming Generated Ports : Time (s): cpu = 00:00:37 ; elapsed = 00:00:57 . Memory (MB): peak = 649.930 ; gain = 440.313
Finished Handling Custom Attributes : Time (s): cpu = 00:00:37 ; elapsed = 00:00:57 . Memory (MB): peak = 649.930 ; gain = 440.313
Finished Renaming Generated Nets : Time (s): cpu = 00:00:37 ; elapsed = 00:00:57 . Memory (MB): peak = 649.930 ; gain = 440.313

Report Cell Usage: 
+------+--------+------+
|      |Cell    |Count |
+------+--------+------+
|1     |DSP48E1 |     1|
|2     |LUT3    |     1|
|3     |FDRE    |     1|
+------+--------+------+
Finished Writing Synthesis Report : Time (s): cpu = 00:00:37 ; elapsed = 00:00:57 . Memory (MB): peak = 649.930 ; gain = 440.313
synth_design: Time (s): cpu = 00:00:37 ; elapsed = 00:00:55 . Memory (MB): peak = 649.930 ; gain = 435.039
