Vivado Simulator 2016.3
Copyright 1986-1999, 2001-2016 Xilinx, Inc. All Rights Reserved.
Running: D:/programy_moje/Vivado/Vivado/2016.3/bin/unwrapped/win64.o/xelab.exe -wto 44431a1ce45d4b2e87c6c8cd7ee2a000 --debug typical --relax --mt 2 -L xil_defaultlib -L xbip_utils_v3_0_7 -L xbip_pipe_v3_0_3 -L xbip_bram18k_v3_0_3 -L mult_gen_v12_0_12 -L c_reg_fd_v12_0_3 -L xbip_dsp48_wrapper_v3_0_4 -L xbip_dsp48_addsub_v3_0_3 -L xbip_addsub_v3_0_3 -L c_addsub_v12_0_10 -L unisims_ver -L unimacro_ver -L secureip -L xpm --snapshot tb_complex_arithmetic_module_behav xil_defaultlib.tb_complex_arithmetic_module xil_defaultlib.glbl -log elaborate.log 
Using 2 slave threads.
Starting static elaboration
WARNING: [VRFC 10-1374] size mismatch in mixed language port association, vhdl port s [C:/Users/Daniel/Lab4_2/Lab4_2.srcs/sources_1/new/complex_arithmetic_module.v:87]
WARNING: [VRFC 10-278] actual bit length 12 differs from formal bit length 13 for port C [C:/Users/Daniel/Lab4_2/Lab4_2.srcs/sim_1/new/tb_complex_arithmetic_module.v:31]
WARNING: [VRFC 10-278] actual bit length 13 differs from formal bit length 12 for port idata [C:/Users/Daniel/Lab4_2/Lab4_2.srcs/sources_1/new/complex_arithmetic_module.v:42]
Completed static elaboration
Starting simulation data flow analysis
WARNING: [XSIM 43-4100] "C:/Users/Daniel/Lab4_2/Lab4_2.sim/sim_1/behav/glbl.v" Line 6. Module glbl has a timescale but at least one module in design doesn't have timescale.
WARNING: [XSIM 43-4100] "C:/Users/Daniel/Lab4_2/Lab4_2.sim/sim_1/behav/glbl.v" Line 6. Module glbl has a timescale but at least one module in design doesn't have timescale.
Completed simulation data flow analysis
Time Resolution for simulation is 1ps
Compiling package std.standard
Compiling package std.textio
Compiling package ieee.std_logic_1164
Compiling package ieee.numeric_std
Compiling package c_addsub_v12_0_10.c_addsub_v12_0_10_viv_comp
Compiling package xbip_utils_v3_0_7.xbip_utils_v3_0_7_pkg
Compiling package xbip_pipe_v3_0_3.xbip_pipe_v3_0_3_viv_comp
Compiling package xbip_addsub_v3_0_3.xbip_addsub_v3_0_3_viv_comp
Compiling package c_addsub_v12_0_10.c_addsub_v12_0_10_pkg
Compiling package c_addsub_v12_0_10.c_addsub_v12_0_10_pkg_legacy
Compiling package xbip_dsp48_addsub_v3_0_3.xbip_dsp48_addsub_v3_0_3_viv_com...
Compiling package ieee.std_logic_arith
Compiling package xbip_dsp48_addsub_v3_0_3.xbip_dsp48_addsub_v3_0_3_pkg
Compiling package xbip_dsp48_wrapper_v3_0_4.xbip_dsp48_wrapper_v3_0_4_pkg
Compiling package unisim.vcomponents
Compiling package ieee.std_logic_signed
Compiling package ieee.vital_timing
Compiling package ieee.vital_primitives
Compiling package unisim.vpkg
Compiling package mult_gen_v12_0_12.mult_gen_v12_0_12_viv_comp
Compiling package mult_gen_v12_0_12.mult_gen_v12_0_12_pkg
Compiling package mult_gen_v12_0_12.dsp_pkg
Compiling architecture dsp48e1_v of entity unisim.DSP48E1 [\DSP48E1(adreg=0,dreg=0,inmodere...]
Compiling architecture synth of entity xbip_dsp48_wrapper_v3_0_4.xbip_dsp48e1_wrapper_v3_0 [\xbip_dsp48e1_wrapper_v3_0(areg=...]
Compiling architecture synth of entity xbip_dsp48_addsub_v3_0_3.xbip_dsp48_addsub_synth [\xbip_dsp48_addsub_synth(c_xdevi...]
Compiling architecture synth of entity xbip_dsp48_addsub_v3_0_3.xbip_dsp48_addsub_v3_0_3_viv [\xbip_dsp48_addsub_v3_0_3_viv(c_...]
Compiling architecture synth of entity xbip_addsub_v3_0_3.xbip_addsub_v3_0_3_viv [\xbip_addsub_v3_0_3_viv(c_xdevic...]
Compiling architecture synth of entity xbip_pipe_v3_0_3.xbip_pipe_v3_0_3_viv [\xbip_pipe_v3_0_3_viv(c_latency=...]
Compiling architecture synth of entity c_addsub_v12_0_10.c_addsub_v12_0_10_viv [\c_addsub_v12_0_10_viv(c_xdevice...]
Compiling architecture xilinx of entity c_addsub_v12_0_10.c_addsub_v12_0_10 [\c_addsub_v12_0_10(c_xdevicefami...]
Compiling architecture c_addsub_1_arch of entity xil_defaultlib.c_addsub_1 [c_addsub_1_default]
Compiling module xil_defaultlib.register(N=12)
Compiling module xil_defaultlib.delay_line(N=12)
Compiling architecture synth of entity xbip_addsub_v3_0_3.xbip_addsub_v3_0_3_viv [\xbip_addsub_v3_0_3_viv(c_xdevic...]
Compiling architecture synth of entity c_addsub_v12_0_10.c_addsub_v12_0_10_viv [\c_addsub_v12_0_10_viv(c_xdevice...]
Compiling architecture xilinx of entity c_addsub_v12_0_10.c_addsub_v12_0_10 [\c_addsub_v12_0_10(c_xdevicefami...]
Compiling architecture c_addsub_2_arch of entity xil_defaultlib.c_addsub_2 [c_addsub_2_default]
Compiling architecture synth of entity xbip_addsub_v3_0_3.xbip_addsub_v3_0_3_viv [\xbip_addsub_v3_0_3_viv(c_xdevic...]
Compiling architecture synth of entity c_addsub_v12_0_10.c_addsub_v12_0_10_viv [\c_addsub_v12_0_10_viv(c_xdevice...]
Compiling architecture xilinx of entity c_addsub_v12_0_10.c_addsub_v12_0_10 [\c_addsub_v12_0_10(c_xdevicefami...]
Compiling architecture c_addsub_3_arch of entity xil_defaultlib.c_addsub_3 [c_addsub_3_default]
Compiling architecture xilinx of entity mult_gen_v12_0_12.delay_line [\delay_line(c_xdevicefamily="zyn...]
Compiling architecture xilinx of entity mult_gen_v12_0_12.op_resize [\op_resize(ai_width=19,bi_width=...]
Compiling architecture xilinx of entity mult_gen_v12_0_12.dsp [\dsp(c_xdevicefamily="zynq",c_a_...]
Compiling architecture xilinx of entity mult_gen_v12_0_12.mult_gen_v12_0_12_viv [\mult_gen_v12_0_12_viv(c_verbosi...]
Compiling architecture xilinx of entity mult_gen_v12_0_12.mult_gen_v12_0_12 [\mult_gen_v12_0_12(c_xdevicefami...]
Compiling architecture mult_gen_1_arch of entity xil_defaultlib.mult_gen_1 [mult_gen_1_default]
Compiling architecture xilinx of entity mult_gen_v12_0_12.op_resize [\op_resize(ai_width=15,bi_width=...]
Compiling architecture xilinx of entity mult_gen_v12_0_12.dsp [\dsp(c_xdevicefamily="zynq",c_a_...]
Compiling architecture xilinx of entity mult_gen_v12_0_12.mult_gen_v12_0_12_viv [\mult_gen_v12_0_12_viv(c_verbosi...]
Compiling architecture xilinx of entity mult_gen_v12_0_12.mult_gen_v12_0_12 [\mult_gen_v12_0_12(c_xdevicefami...]
Compiling architecture mult_gen_2_arch of entity xil_defaultlib.mult_gen_2 [mult_gen_2_default]
Compiling architecture synth of entity xbip_addsub_v3_0_3.xbip_addsub_v3_0_3_viv [\xbip_addsub_v3_0_3_viv(c_xdevic...]
Compiling architecture synth of entity c_addsub_v12_0_10.c_addsub_v12_0_10_viv [\c_addsub_v12_0_10_viv(c_xdevice...]
Compiling architecture xilinx of entity c_addsub_v12_0_10.c_addsub_v12_0_10 [\c_addsub_v12_0_10(c_xdevicefami...]
Compiling architecture c_addsub_4_arch of entity xil_defaultlib.c_addsub_4 [c_addsub_4_default]
Compiling module xil_defaultlib.complex_arithmetic_module
Compiling module xil_defaultlib.tb_complex_arithmetic_module
Compiling module xil_defaultlib.glbl
Built simulation snapshot tb_complex_arithmetic_module_behav
