
*** Running vivado
    with args -log mult_gen_1.vds -m64 -product Vivado -mode batch -messageDb vivado.pb -notrace -source mult_gen_1.tcl


****** Vivado v2016.3 (64-bit)
  **** SW Build 1682563 on Mon Oct 10 19:07:27 MDT 2016
  **** IP Build 1681267 on Mon Oct 10 21:28:31 MDT 2016
    ** Copyright 1986-2016 Xilinx, Inc. All Rights Reserved.

source mult_gen_1.tcl -notrace
Starting RTL Elaboration : Time (s): cpu = 00:00:07 ; elapsed = 00:00:09 . Memory (MB): peak = 291.691 ; gain = 81.629
INFO: [Synth 8-638] synthesizing module 'mult_gen_1' [c:/Users/Daniel/Lab4_2/Lab4_2.srcs/sources_1/ip/mult_gen_1/synth/mult_gen_1.vhd:69]
INFO: [Synth 8-256] done synthesizing module 'mult_gen_1' (6#1) [c:/Users/Daniel/Lab4_2/Lab4_2.srcs/sources_1/ip/mult_gen_1/synth/mult_gen_1.vhd:69]
Finished RTL Elaboration : Time (s): cpu = 00:00:09 ; elapsed = 00:00:11 . Memory (MB): peak = 339.480 ; gain = 129.418
Finished RTL Optimization Phase 1 : Time (s): cpu = 00:00:09 ; elapsed = 00:00:11 . Memory (MB): peak = 339.480 ; gain = 129.418
INFO: [Device 21-403] Loading part xc7z020clg484-1
Constraint Validation Runtime : Time (s): cpu = 00:00:00 ; elapsed = 00:00:00.015 . Memory (MB): peak = 648.992 ; gain = 0.000
Finished Constraint Validation : Time (s): cpu = 00:00:19 ; elapsed = 00:00:22 . Memory (MB): peak = 648.992 ; gain = 438.930
Finished Loading Part and Timing Information : Time (s): cpu = 00:00:19 ; elapsed = 00:00:22 . Memory (MB): peak = 648.992 ; gain = 438.930
Finished applying 'set_property' XDC Constraints : Time (s): cpu = 00:00:19 ; elapsed = 00:00:22 . Memory (MB): peak = 648.992 ; gain = 438.930
Finished RTL Optimization Phase 2 : Time (s): cpu = 00:00:19 ; elapsed = 00:00:22 . Memory (MB): peak = 648.992 ; gain = 438.930
Finished Cross Boundary and Area Optimization : Time (s): cpu = 00:00:20 ; elapsed = 00:00:23 . Memory (MB): peak = 648.992 ; gain = 438.930
Finished Applying XDC Timing Constraints : Time (s): cpu = 00:00:36 ; elapsed = 00:00:38 . Memory (MB): peak = 648.992 ; gain = 438.930
Finished Timing Optimization : Time (s): cpu = 00:00:36 ; elapsed = 00:00:38 . Memory (MB): peak = 648.992 ; gain = 438.930
Finished Technology Mapping : Time (s): cpu = 00:00:36 ; elapsed = 00:00:38 . Memory (MB): peak = 652.887 ; gain = 442.824
Finished IO Insertion : Time (s): cpu = 00:00:36 ; elapsed = 00:00:39 . Memory (MB): peak = 652.887 ; gain = 442.824
Finished Renaming Generated Instances : Time (s): cpu = 00:00:36 ; elapsed = 00:00:39 . Memory (MB): peak = 652.887 ; gain = 442.824
Finished Rebuilding User Hierarchy : Time (s): cpu = 00:00:36 ; elapsed = 00:00:39 . Memory (MB): peak = 652.887 ; gain = 442.824
Finished Renaming Generated Ports : Time (s): cpu = 00:00:36 ; elapsed = 00:00:39 . Memory (MB): peak = 652.887 ; gain = 442.824
Finished Handling Custom Attributes : Time (s): cpu = 00:00:36 ; elapsed = 00:00:39 . Memory (MB): peak = 652.887 ; gain = 442.824
Finished Renaming Generated Nets : Time (s): cpu = 00:00:36 ; elapsed = 00:00:39 . Memory (MB): peak = 652.887 ; gain = 442.824

Report Cell Usage: 
+------+--------+------+
|      |Cell    |Count |
+------+--------+------+
|1     |DSP48E1 |     1|
+------+--------+------+
Finished Writing Synthesis Report : Time (s): cpu = 00:00:36 ; elapsed = 00:00:39 . Memory (MB): peak = 652.887 ; gain = 442.824
synth_design: Time (s): cpu = 00:00:36 ; elapsed = 00:00:37 . Memory (MB): peak = 661.137 ; gain = 445.797
