
*** Running vivado
    with args -log c_addsub_0.vds -m64 -product Vivado -mode batch -messageDb vivado.pb -notrace -source c_addsub_0.tcl


****** Vivado v2016.3 (64-bit)
  **** SW Build 1682563 on Mon Oct 10 19:07:27 MDT 2016
  **** IP Build 1681267 on Mon Oct 10 21:28:31 MDT 2016
    ** Copyright 1986-2016 Xilinx, Inc. All Rights Reserved.

source c_addsub_0.tcl -notrace
Starting RTL Elaboration : Time (s): cpu = 00:00:06 ; elapsed = 00:00:08 . Memory (MB): peak = 291.676 ; gain = 81.980
INFO: [Synth 8-638] synthesizing module 'c_addsub_0' [c:/Users/Daniel/Lab4_3/Lab4_3.srcs/sources_1/ip/c_addsub_0/synth/c_addsub_0.vhd:69]
INFO: [Synth 8-256] done synthesizing module 'c_addsub_0' (8#1) [c:/Users/Daniel/Lab4_3/Lab4_3.srcs/sources_1/ip/c_addsub_0/synth/c_addsub_0.vhd:69]
Finished RTL Elaboration : Time (s): cpu = 00:00:08 ; elapsed = 00:00:11 . Memory (MB): peak = 333.777 ; gain = 124.082
Finished RTL Optimization Phase 1 : Time (s): cpu = 00:00:08 ; elapsed = 00:00:11 . Memory (MB): peak = 333.777 ; gain = 124.082
INFO: [Device 21-403] Loading part xc7z020clg484-1
Constraint Validation Runtime : Time (s): cpu = 00:00:00 ; elapsed = 00:00:00.014 . Memory (MB): peak = 566.805 ; gain = 0.000
Finished Constraint Validation : Time (s): cpu = 00:00:19 ; elapsed = 00:00:21 . Memory (MB): peak = 566.805 ; gain = 357.109
Finished Loading Part and Timing Information : Time (s): cpu = 00:00:19 ; elapsed = 00:00:21 . Memory (MB): peak = 566.805 ; gain = 357.109
Finished applying 'set_property' XDC Constraints : Time (s): cpu = 00:00:19 ; elapsed = 00:00:21 . Memory (MB): peak = 566.805 ; gain = 357.109
Finished RTL Optimization Phase 2 : Time (s): cpu = 00:00:19 ; elapsed = 00:00:22 . Memory (MB): peak = 566.805 ; gain = 357.109
Finished Cross Boundary and Area Optimization : Time (s): cpu = 00:00:19 ; elapsed = 00:00:22 . Memory (MB): peak = 566.805 ; gain = 357.109
Finished Applying XDC Timing Constraints : Time (s): cpu = 00:00:35 ; elapsed = 00:00:38 . Memory (MB): peak = 630.891 ; gain = 421.195
Finished Timing Optimization : Time (s): cpu = 00:00:35 ; elapsed = 00:00:38 . Memory (MB): peak = 630.891 ; gain = 421.195
Finished Technology Mapping : Time (s): cpu = 00:00:35 ; elapsed = 00:00:38 . Memory (MB): peak = 650.316 ; gain = 440.621
Finished IO Insertion : Time (s): cpu = 00:00:35 ; elapsed = 00:00:38 . Memory (MB): peak = 650.316 ; gain = 440.621
Finished Renaming Generated Instances : Time (s): cpu = 00:00:35 ; elapsed = 00:00:38 . Memory (MB): peak = 650.316 ; gain = 440.621
Finished Rebuilding User Hierarchy : Time (s): cpu = 00:00:35 ; elapsed = 00:00:38 . Memory (MB): peak = 650.316 ; gain = 440.621
Finished Renaming Generated Ports : Time (s): cpu = 00:00:35 ; elapsed = 00:00:38 . Memory (MB): peak = 650.316 ; gain = 440.621
Finished Handling Custom Attributes : Time (s): cpu = 00:00:35 ; elapsed = 00:00:38 . Memory (MB): peak = 650.316 ; gain = 440.621
Finished Renaming Generated Nets : Time (s): cpu = 00:00:35 ; elapsed = 00:00:38 . Memory (MB): peak = 650.316 ; gain = 440.621

Report Cell Usage: 
+------+--------+------+
|      |Cell    |Count |
+------+--------+------+
|1     |DSP48E1 |     1|
|2     |LUT3    |     1|
|3     |FDRE    |     1|
+------+--------+------+
Finished Writing Synthesis Report : Time (s): cpu = 00:00:35 ; elapsed = 00:00:38 . Memory (MB): peak = 650.316 ; gain = 440.621
synth_design: Time (s): cpu = 00:00:35 ; elapsed = 00:00:36 . Memory (MB): peak = 650.316 ; gain = 435.398
