Exception at PC 0x00007FFD0D687788
Exception at PC 0x00007FFD0D687788
Unable to capture context for thread 28280 in process 23956, can not generate back trace
Exception at PC 0x00007FFD0D687788
Exception at PC 0x00007FFD0D687788
Exception at PC 0x00007FFCABCCBB93
Printing stacktrace...

Exception at PC 0x00007FFD0D687788
Exception at PC 0x00007FFD0D687788
Exception at PC 0x00007FFD0D687788
Exception at PC 0x00007FFD0D687788
Exception at PC 0x00007FFD0D687788
Exception at PC 0x00007FFD0D687788
Exception at PC 0x00007FFD0D687788
Exception at PC 0x00007FFD0D687788
Exception at PC 0x00007FFD0D687788
Exception at PC 0x00007FFD0D687788
Exception at PC 0x00007FFD0D687788
Exception at PC 0x00007FFD0D687788
Exception at PC 0x00007FFD0D687788
Exception at PC 0x00007FFD0D687788
[0]  [0x00007FFCABCCBB93]
[1]  [0x00007FFCABCCBB93]
[2]  [0x00007FFCABCCB4A1]
[3]  [0x00007FFCABCCB3EF]
[4]  [0x00007FFCABCB19FE]
[5]  [0x00007FFCABCB0ED1]
[6]  [0x00007FFCABCB0D76]
[7]  [0x00007FFCABC579F6]
[8]  [0x00007FFCABC47AFB]
[9]  [0x00007FFCABD6E90A]
[10]  [0x00007FFCABD89F87]
[11]  [0x00007FFCABD8A05F]
[12] (BaseThreadInitThunk+0x14) [0x00007FFD0F878364]
[13] (RtlUserThreadStart+0x21) [0x00007FFD104F70D1]
Done
